<?xml version="1.0" encoding="UTF-8"?>
<!-- Generated by org.testng.reporters.JUnitXMLReporter -->
<testsuite ignored="0" hostname="ANGULARJS4" failures="2" tests="6" name="Test" time="124.537" errors="0" timestamp="2021-09-05T00:07:49 IST">
  <testcase classname="driverinstance.TestExecutionPriority" name="url" time="11.116"/>
  <testcase classname="driverinstance.TestExecutionPriority" name="login" time="15.545"/>
  <testcase classname="driverinstance.TestExecutionPriority" name="OpenMenu003" time="5.101"/>
  <testcase classname="driverinstance.TestExecutionPriority" name="OpenFamilyFromMenu004" time="5.125"/>
  <testcase classname="driverinstance.TestExecutionPriority" name="AddNewFamily005" time="87.525">
    <failure type="org.openqa.selenium.WebDriverException" message="chrome not reachable
  (Session info: chrome=92.0.4515.159)
Build info: version: &amp;apos;3.141.59&amp;apos;, revision: &amp;apos;e82be7d358&amp;apos;, time: &amp;apos;2018-11-14T08:17:03&amp;apos;
System info: host: &amp;apos;ANGULARJS4&amp;apos;, ip: &amp;apos;192.168.68.102&amp;apos;, os.name: &amp;apos;Windows 10&amp;apos;, os.arch: &amp;apos;amd64&amp;apos;, os.version: &amp;apos;10.0&amp;apos;, java.version: &amp;apos;16.0.1&amp;apos;
Driver info: org.openqa.selenium.chrome.ChromeDriver
Capabilities {acceptInsecureCerts: false, browserName: chrome, browserVersion: 92.0.4515.159, chrome: {chromedriverVersion: 92.0.4515.107 (87a818b10553..., userDataDir: C:\Users\chirag.qa\AppData\...}, goog:chromeOptions: {debuggerAddress: localhost:65391}, javascriptEnabled: true, networkConnectionEnabled: false, pageLoadStrategy: normal, platform: WINDOWS, platformName: WINDOWS, proxy: Proxy(), setWindowRect: true, strictFileInteractability: false, timeouts: {implicit: 0, pageLoad: 300000, script: 30000}, unhandledPromptBehavior: dismiss and notify, webauthn:extension:credBlob: true, webauthn:extension:largeBlob: true, webauthn:virtualAuthenticators: true}
Session ID: 309f3044df628a3f68732021f65a0593
*** Element info: {Using=xpath, value=//div[@id=&amp;apos;btnFamilySearchAdd&amp;apos;]/a[@title=&amp;apos;Add Family&amp;apos;]}">
      <![CDATA[org.openqa.selenium.WebDriverException: chrome not reachable
  (Session info: chrome=92.0.4515.159)
Build info: version: '3.141.59', revision: 'e82be7d358', time: '2018-11-14T08:17:03'
System info: host: 'ANGULARJS4', ip: '192.168.68.102', os.name: 'Windows 10', os.arch: 'amd64', os.version: '10.0', java.version: '16.0.1'
Driver info: org.openqa.selenium.chrome.ChromeDriver
Capabilities {acceptInsecureCerts: false, browserName: chrome, browserVersion: 92.0.4515.159, chrome: {chromedriverVersion: 92.0.4515.107 (87a818b10553..., userDataDir: C:\Users\chirag.qa\AppData\...}, goog:chromeOptions: {debuggerAddress: localhost:65391}, javascriptEnabled: true, networkConnectionEnabled: false, pageLoadStrategy: normal, platform: WINDOWS, platformName: WINDOWS, proxy: Proxy(), setWindowRect: true, strictFileInteractability: false, timeouts: {implicit: 0, pageLoad: 300000, script: 30000}, unhandledPromptBehavior: dismiss and notify, webauthn:extension:credBlob: true, webauthn:extension:largeBlob: true, webauthn:virtualAuthenticators: true}
Session ID: 309f3044df628a3f68732021f65a0593
*** Element info: {Using=xpath, value=//div[@id='btnFamilySearchAdd']/a[@title='Add Family']}
at org.openqa.selenium.remote.http.W3CHttpResponseCodec.createException(W3CHttpResponseCodec.java:187)
at org.openqa.selenium.remote.http.W3CHttpResponseCodec.decode(W3CHttpResponseCodec.java:122)
at org.openqa.selenium.remote.http.W3CHttpResponseCodec.decode(W3CHttpResponseCodec.java:49)
at org.openqa.selenium.remote.HttpCommandExecutor.execute(HttpCommandExecutor.java:158)
at org.openqa.selenium.remote.service.DriverCommandExecutor.execute(DriverCommandExecutor.java:83)
at org.openqa.selenium.remote.RemoteWebDriver.execute(RemoteWebDriver.java:552)
at org.openqa.selenium.remote.RemoteWebDriver.findElement(RemoteWebDriver.java:323)
at org.openqa.selenium.remote.RemoteWebDriver.findElementByXPath(RemoteWebDriver.java:428)
at org.openqa.selenium.By$ByXPath.findElement(By.java:353)
at org.openqa.selenium.remote.RemoteWebDriver.findElement(RemoteWebDriver.java:315)
at driverinstance.AddNewFamily005.addfamily(AddNewFamily005.java:19)
at driverinstance.TestExecutionPriority.AddNewFamily005(TestExecutionPriority.java:32)
at java.base/java.util.ArrayList.forEach(ArrayList.java:1511)
... Removed 32 stack frames]]>
    </failure>
  </testcase> <!-- AddNewFamily005 -->
  <testcase classname="driverinstance.SendEmail" name="test" time="0.055">
    <failure type="java.lang.NoClassDefFoundError" message="javax/activation/DataHandler">
      <![CDATA[java.lang.NoClassDefFoundError: javax/activation/DataHandler
at driverinstance.SendEmail.test(SendEmail.java:47)
at java.base/java.util.ArrayList.forEach(ArrayList.java:1511)
Caused by: java.lang.ClassNotFoundException: javax.activation.DataHandler
at java.base/jdk.internal.loader.BuiltinClassLoader.loadClass(BuiltinClassLoader.java:636)
at java.base/jdk.internal.loader.ClassLoaders$AppClassLoader.loadClass(ClassLoaders.java:182)
at java.base/java.lang.ClassLoader.loadClass(ClassLoader.java:519)
... 29 more
... Removed 27 stack frames]]>
    </failure>
  </testcase> <!-- test -->
</testsuite> <!-- Test -->
